<?xml version="1.0" encoding="UTF-8"?>
<testng-results ignored="0" total="2" passed="2" failed="0" skipped="0">
  <reporter-output>
  </reporter-output>
  <suite started-at="2024-11-21T02:00:58 CST" name="Default Suite" finished-at="2024-11-21T02:00:58 CST" duration-ms="24">
    <groups>
    </groups>
    <test started-at="2024-11-21T02:00:58 CST" name="JavaSeleniumProject1" finished-at="2024-11-21T02:00:58 CST" duration-ms="24">
      <class name="TestCases">
        <test-method signature="test1()[pri:0, instance:TestCases@3d3fcdb0]" started-at="2024-11-21T02:00:58 CST" name="test1" finished-at="2024-11-21T02:00:58 CST" duration-ms="3" status="PASS">
          <reporter-output>
          </reporter-output>
        </test-method> <!-- test1 -->
        <test-method signature="test2()[pri:0, instance:TestCases@3d3fcdb0]" started-at="2024-11-21T02:00:58 CST" name="test2" finished-at="2024-11-21T02:00:58 CST" duration-ms="1" status="PASS">
          <reporter-output>
          </reporter-output>
        </test-method> <!-- test2 -->
      </class> <!-- TestCases -->
    </test> <!-- JavaSeleniumProject1 -->
  </suite> <!-- Default Suite -->
</testng-results>
