<?xml version="1.0" encoding="UTF-8"?>
<testng-results ignored="0" total="1" passed="1" failed="0" skipped="0">
  <reporter-output>
  </reporter-output>
  <suite started-at="2024-11-17T22:26:51 CST" name="Default Suite" finished-at="2024-11-17T22:26:51 CST" duration-ms="33">
    <groups>
    </groups>
    <test started-at="2024-11-17T22:26:51 CST" name="JavaSeleniumProject1" finished-at="2024-11-17T22:26:51 CST" duration-ms="33">
      <class name="TestCases">
        <test-method signature="test1()[pri:0, instance:TestCases@3bbc39f8]" started-at="2024-11-17T22:26:51 CST" name="test1" finished-at="2024-11-17T22:26:51 CST" duration-ms="4" status="PASS">
          <reporter-output>
          </reporter-output>
        </test-method> <!-- test1 -->
      </class> <!-- TestCases -->
    </test> <!-- JavaSeleniumProject1 -->
  </suite> <!-- Default Suite -->
</testng-results>
